<?xml version="1.0" encoding="UTF-8"?>
<testsuite name="id.ac.ui.cs.advprog.eshop.controller.ProductControllerTest" tests="7" skipped="0" failures="0" errors="0" timestamp="2026-02-17T06:53:05.932Z" hostname="LAPTOP-OTNNT2A7" time="0.716">
  <properties/>
  <testcase name="testIndex()" classname="id.ac.ui.cs.advprog.eshop.controller.ProductControllerTest" time="0.541"/>
  <testcase name="testEditProductPage()" classname="id.ac.ui.cs.advprog.eshop.controller.ProductControllerTest" time="0.089"/>
  <testcase name="testEditProductPost()" classname="id.ac.ui.cs.advprog.eshop.controller.ProductControllerTest" time="0.04"/>
  <testcase name="testCreateProductPage()" classname="id.ac.ui.cs.advprog.eshop.controller.ProductControllerTest" time="0.01"/>
  <testcase name="testCreateProductPost()" classname="id.ac.ui.cs.advprog.eshop.controller.ProductControllerTest" time="0.012"/>
  <testcase name="testProductListPage()" classname="id.ac.ui.cs.advprog.eshop.controller.ProductControllerTest" time="0.011"/>
  <testcase name="testDeleteProduct()" classname="id.ac.ui.cs.advprog.eshop.controller.ProductControllerTest" time="0.009"/>
  <system-out><![CDATA[2026-02-17T13:53:06.309+07:00  INFO 6024 --- [eshop] [    Test worker] o.s.mock.web.MockServletContext          : Initializing Spring TestDispatcherServlet ''
2026-02-17T13:53:06.311+07:00  INFO 6024 --- [eshop] [    Test worker] o.s.t.web.servlet.TestDispatcherServlet  : Initializing Servlet ''
2026-02-17T13:53:06.314+07:00  INFO 6024 --- [eshop] [    Test worker] o.s.t.web.servlet.TestDispatcherServlet  : Completed initialization in 2 ms
2026-02-17T13:53:06.482+07:00  INFO 6024 --- [eshop] [    Test worker] o.s.mock.web.MockServletContext          : Initializing Spring TestDispatcherServlet ''
2026-02-17T13:53:06.482+07:00  INFO 6024 --- [eshop] [    Test worker] o.s.t.web.servlet.TestDispatcherServlet  : Initializing Servlet ''
2026-02-17T13:53:06.483+07:00  INFO 6024 --- [eshop] [    Test worker] o.s.t.web.servlet.TestDispatcherServlet  : Completed initialization in 0 ms
2026-02-17T13:53:06.573+07:00  INFO 6024 --- [eshop] [    Test worker] o.s.mock.web.MockServletContext          : Initializing Spring TestDispatcherServlet ''
2026-02-17T13:53:06.574+07:00  INFO 6024 --- [eshop] [    Test worker] o.s.t.web.servlet.TestDispatcherServlet  : Initializing Servlet ''
2026-02-17T13:53:06.574+07:00  INFO 6024 --- [eshop] [    Test worker] o.s.t.web.servlet.TestDispatcherServlet  : Completed initialization in 0 ms
2026-02-17T13:53:06.611+07:00  INFO 6024 --- [eshop] [    Test worker] o.s.mock.web.MockServletContext          : Initializing Spring TestDispatcherServlet ''
2026-02-17T13:53:06.611+07:00  INFO 6024 --- [eshop] [    Test worker] o.s.t.web.servlet.TestDispatcherServlet  : Initializing Servlet ''
2026-02-17T13:53:06.612+07:00  INFO 6024 --- [eshop] [    Test worker] o.s.t.web.servlet.TestDispatcherServlet  : Completed initialization in 1 ms
2026-02-17T13:53:06.622+07:00  INFO 6024 --- [eshop] [    Test worker] o.s.mock.web.MockServletContext          : Initializing Spring TestDispatcherServlet ''
2026-02-17T13:53:06.622+07:00  INFO 6024 --- [eshop] [    Test worker] o.s.t.web.servlet.TestDispatcherServlet  : Initializing Servlet ''
2026-02-17T13:53:06.622+07:00  INFO 6024 --- [eshop] [    Test worker] o.s.t.web.servlet.TestDispatcherServlet  : Completed initialization in 0 ms
2026-02-17T13:53:06.634+07:00  INFO 6024 --- [eshop] [    Test worker] o.s.mock.web.MockServletContext          : Initializing Spring TestDispatcherServlet ''
2026-02-17T13:53:06.635+07:00  INFO 6024 --- [eshop] [    Test worker] o.s.t.web.servlet.TestDispatcherServlet  : Initializing Servlet ''
2026-02-17T13:53:06.635+07:00  INFO 6024 --- [eshop] [    Test worker] o.s.t.web.servlet.TestDispatcherServlet  : Completed initialization in 0 ms
2026-02-17T13:53:06.645+07:00  INFO 6024 --- [eshop] [    Test worker] o.s.mock.web.MockServletContext          : Initializing Spring TestDispatcherServlet ''
2026-02-17T13:53:06.645+07:00  INFO 6024 --- [eshop] [    Test worker] o.s.t.web.servlet.TestDispatcherServlet  : Initializing Servlet ''
2026-02-17T13:53:06.645+07:00  INFO 6024 --- [eshop] [    Test worker] o.s.t.web.servlet.TestDispatcherServlet  : Completed initialization in 0 ms
]]></system-out>
  <system-err><![CDATA[]]></system-err>
</testsuite>
