<?xml version="1.0" encoding="UTF-8"?>
<testsuite name="id.ac.ui.cs.advprog.eshop.EshopApplicationTests" tests="1" skipped="0" failures="0" errors="0" timestamp="2026-02-17T06:53:00.804Z" hostname="LAPTOP-OTNNT2A7" time="5.108">
  <properties/>
  <testcase name="contextLoads()" classname="id.ac.ui.cs.advprog.eshop.EshopApplicationTests" time="1.246"/>
  <system-out><![CDATA[13:53:01.183 [Test worker] INFO org.springframework.test.context.support.AnnotationConfigContextLoaderUtils -- Could not detect default configuration classes for test class [id.ac.ui.cs.advprog.eshop.EshopApplicationTests]: EshopApplicationTests does not declare any static, non-private, non-final, nested classes annotated with @Configuration.
13:53:01.471 [Test worker] INFO org.springframework.boot.test.context.SpringBootTestContextBootstrapper -- Found @SpringBootConfiguration id.ac.ui.cs.advprog.eshop.EshopApplication for test class id.ac.ui.cs.advprog.eshop.EshopApplicationTests

  .   ____          _            __ _ _
 /\\ / ___'_ __ _ _(_)_ __  __ _ \ \ \ \
( ( )\___ | '_ | '_| | '_ \/ _` | \ \ \ \
 \\/  ___)| |_)| | | | | || (_| |  ) ) ) )
  '  |____| .__|_| |_|_| |_\__, | / / / /
 =========|_|==============|___/=/_/_/_/

 :: Spring Boot ::                (v4.0.2)

2026-02-17T13:53:02.680+07:00  INFO 6024 --- [eshop] [    Test worker] i.a.u.c.a.eshop.EshopApplicationTests    : Starting EshopApplicationTests using Java 21.0.6 with PID 6024 (started by akhta in C:\Users\akhta\OneDrive\Documents\Semester 4\Adpro\Modul-1-Coding-Standards)
2026-02-17T13:53:02.683+07:00  INFO 6024 --- [eshop] [    Test worker] i.a.u.c.a.eshop.EshopApplicationTests    : No active profile set, falling back to 1 default profile: "default"
2026-02-17T13:53:04.633+07:00  INFO 6024 --- [eshop] [    Test worker] i.a.u.c.a.eshop.EshopApplicationTests    : Started EshopApplicationTests in 2.637 seconds (process running for 6.022)
]]></system-out>
  <system-err><![CDATA[[2026.02.17 13:53:03] (Coverage  WARN): Error during class instrumentation: org/springframework/web/servlet/config/annotation/WebMvcConfigurationSupport: java.lang.NoClassDefFoundError: jakarta/validation/ValidatorFactory
Mockito is currently self-attaching to enable the inline-mock-maker. This will no longer work in future releases of the JDK. Please add Mockito as an agent to your build as described in Mockito's documentation: https://javadoc.io/doc/org.mockito/mockito-core/latest/org.mockito/org/mockito/Mockito.html#0.3
WARNING: A Java agent has been loaded dynamically (C:\Users\akhta\.gradle\caches\modules-2\files-2.1\net.bytebuddy\byte-buddy-agent\1.17.8\f09415827a71be7ed621c7bd02550678f28bc81c\byte-buddy-agent-1.17.8.jar)
WARNING: If a serviceability tool is in use, please run with -XX:+EnableDynamicAgentLoading to hide this warning
WARNING: If a serviceability tool is not in use, please run with -Djdk.instrument.traceUsage for more information
WARNING: Dynamic loading of agents will be disallowed by default in a future release
]]></system-err>
</testsuite>
