<?xml version="1.0" encoding="UTF-8"?>
<testsuite name="id.ac.ui.cs.advprog.eshop.repository.ProductRepositoryTest" tests="9" skipped="0" failures="0" errors="0" timestamp="2026-02-17T06:53:06.664Z" hostname="LAPTOP-OTNNT2A7" time="0.029">
  <properties/>
  <testcase name="testCreateAndFind()" classname="id.ac.ui.cs.advprog.eshop.repository.ProductRepositoryTest" time="0.006"/>
  <testcase name="testDeleteProductIfNotFound()" classname="id.ac.ui.cs.advprog.eshop.repository.ProductRepositoryTest" time="0.003"/>
  <testcase name="testFindByIdNotFound()" classname="id.ac.ui.cs.advprog.eshop.repository.ProductRepositoryTest" time="0.001"/>
  <testcase name="testFindByIdFound()" classname="id.ac.ui.cs.advprog.eshop.repository.ProductRepositoryTest" time="0.004"/>
  <testcase name="testFindAllIfEmpty()" classname="id.ac.ui.cs.advprog.eshop.repository.ProductRepositoryTest" time="0.002"/>
  <testcase name="testEditProduct()" classname="id.ac.ui.cs.advprog.eshop.repository.ProductRepositoryTest" time="0.002"/>
  <testcase name="testFindAllIfMoreThanOneProduct()" classname="id.ac.ui.cs.advprog.eshop.repository.ProductRepositoryTest" time="0.003"/>
  <testcase name="testEditProductIfNotFound()" classname="id.ac.ui.cs.advprog.eshop.repository.ProductRepositoryTest" time="0.001"/>
  <testcase name="testDeleteProduct()" classname="id.ac.ui.cs.advprog.eshop.repository.ProductRepositoryTest" time="0.001"/>
  <system-out><![CDATA[]]></system-out>
  <system-err><![CDATA[]]></system-err>
</testsuite>
