<?xml version="1.0" encoding="UTF-8"?>
<testsuite name="id.ac.ui.cs.advprog.eshop.model.ProductTest" tests="3" skipped="0" failures="0" errors="0" timestamp="2026-02-17T06:53:06.648Z" hostname="LAPTOP-OTNNT2A7" time="0.015">
  <properties/>
  <testcase name="testGetProductId()" classname="id.ac.ui.cs.advprog.eshop.model.ProductTest" time="0.012"/>
  <testcase name="testGetProductName()" classname="id.ac.ui.cs.advprog.eshop.model.ProductTest" time="0.0"/>
  <testcase name="testGetProductQuantity()" classname="id.ac.ui.cs.advprog.eshop.model.ProductTest" time="0.0"/>
  <system-out><![CDATA[]]></system-out>
  <system-err><![CDATA[]]></system-err>
</testsuite>
